# JRE version: OpenJDK Runtime Environment (11.0.12+7) (build 11.0.12+7-b1504.28-7817840)
# Java VM: OpenJDK 64-Bit Server VM (11.0.12+7-b1504.28-7817840, mixed mode, tiered, compressed oops, g1 gc, windows-amd64)
Heap:
 garbage-first heap   total 303104K, used 24406K [0x000000070a400000, 0x0000000800000000)
  region size 1024K, 4 young (4096K), 4 survivors (4096K)
 Metaspace       used 39989K, capacity 40454K, committed 40576K, reserved 1085440K
  class space    used 4778K, capacity 4964K, committed 4992K, reserved 1048576K
GC Heap History (9 events):
Event: 0.417 GC heap before
{Heap before GC invocations=0 (full 0):
 garbage-first heap   total 251904K, used 27648K [0x000000070a400000, 0x0000000800000000)
  region size 1024K, 24 young (24576K), 0 survivors (0K)
 Metaspace       used 12271K, capacity 12344K, committed 12544K, reserved 1060864K
  class space    used 1151K, capacity 1175K, committed 1280K, reserved 1048576K
}
Event: 0.420 GC heap after
{Heap after GC invocations=1 (full 0):
 garbage-first heap   total 251904K, used 6089K [0x000000070a400000, 0x0000000800000000)
  region size 1024K, 3 young (3072K), 3 survivors (3072K)
 Metaspace       used 12271K, capacity 12344K, committed 12544K, reserved 1060864K
  class space    used 1151K, capacity 1175K, committed 1280K, reserved 1048576K
}
Event: 0.864 GC heap before
{Heap before GC invocations=1 (full 0):
 garbage-first heap   total 251904K, used 40905K [0x000000070a400000, 0x0000000800000000)
  region size 1024K, 38 young (38912K), 3 survivors (3072K)
 Metaspace       used 20903K, capacity 21118K, committed 21248K, reserved 1069056K
  class space    used 2201K, capacity 2280K, committed 2304K, reserved 1048576K
}
Event: 0.874 GC heap after
{Heap after GC invocations=2 (full 0):
 garbage-first heap   total 251904K, used 9214K [0x000000070a400000, 0x0000000800000000)
  region size 1024K, 6 young (6144K), 6 survivors (6144K)
 Metaspace       used 20903K, capacity 21118K, committed 21248K, reserved 1069056K
  class space    used 2201K, capacity 2280K, committed 2304K, reserved 1048576K
}
Event: 1.544 GC heap before
{Heap before GC invocations=3 (full 0):
 garbage-first heap   total 251904K, used 64510K [0x000000070a400000, 0x0000000800000000)
  region size 1024K, 55 young (56320K), 6 survivors (6144K)
 Metaspace       used 32950K, capacity 33396K, committed 33536K, reserved 1079296K
  class space    used 4098K, capacity 4278K, committed 4352K, reserved 1048576K
}
Event: 1.555 GC heap after
{Heap after GC invocations=4 (full 0):
 garbage-first heap   total 251904K, used 20048K [0x000000070a400000, 0x0000000800000000)
  region size 1024K, 7 young (7168K), 7 survivors (7168K)
 Metaspace       used 32950K, capacity 33396K, committed 33536K, reserved 1079296K
  class space    used 4098K, capacity 4278K, committed 4352K, reserved 1048576K
}
Event: 1.680 GC heap before
{Heap before GC invocations=4 (full 0):
 garbage-first heap   total 251904K, used 29264K [0x000000070a400000, 0x0000000800000000)
  region size 1024K, 17 young (17408K), 7 survivors (7168K)
 Metaspace       used 34961K, capacity 35424K, committed 35584K, reserved 1081344K
  class space    used 4305K, capacity 4506K, committed 4608K, reserved 1048576K
}
Event: 1.686 GC heap after
{Heap after GC invocations=5 (full 0):
 garbage-first heap   total 251904K, used 21766K [0x000000070a400000, 0x0000000800000000)
  region size 1024K, 6 young (6144K), 6 survivors (6144K)
 Metaspace       used 34961K, capacity 35424K, committed 35584K, reserved 1081344K
  class space    used 4305K, capacity 4506K, committed 4608K, reserved 1048576K
}
Event: 1.945 GC heap before
{Heap before GC invocations=6 (full 0):
 garbage-first heap   total 251904K, used 48390K [0x000000070a400000, 0x0000000800000000)
  region size 1024K, 32 young (32768K), 6 survivors (6144K)
 Metaspace       used 39989K, capacity 40454K, committed 40576K, reserved 1085440K
  class space    used 4778K, capacity 4964K, committed 4992K, reserved 1048576K
}

